2022-11-26 21:54:21.438 | INFO     | __main__:main:60 - Test Ham Email.
2022-11-26 21:54:21.438 | INFO     | __main__:classification:13 - total feature is 77386
2022-11-26 21:54:21.438 | INFO     | __main__:classification:16 - Test step in 0 patch, right num 0, error num 0.
2022-11-26 21:54:55.358 | INFO     | __main__:classification:16 - Test step in 10 patch, right num 10, error num 0.
2022-11-26 21:55:28.581 | INFO     | __main__:classification:16 - Test step in 20 patch, right num 20, error num 0.
2022-11-26 21:56:02.044 | INFO     | __main__:classification:16 - Test step in 30 patch, right num 29, error num 1.
2022-11-26 21:56:36.019 | INFO     | __main__:classification:16 - Test step in 40 patch, right num 37, error num 3.
2022-11-26 21:57:09.664 | INFO     | __main__:classification:16 - Test step in 50 patch, right num 47, error num 3.
2022-11-26 21:57:43.322 | INFO     | __main__:classification:16 - Test step in 60 patch, right num 56, error num 4.
2022-11-26 21:58:16.508 | INFO     | __main__:classification:16 - Test step in 70 patch, right num 66, error num 4.
2022-11-26 21:58:50.083 | INFO     | __main__:classification:16 - Test step in 80 patch, right num 74, error num 6.
2022-11-26 21:59:23.199 | INFO     | __main__:classification:16 - Test step in 90 patch, right num 83, error num 7.
2022-11-26 21:59:56.064 | INFO     | __main__:classification:16 - Test step in 100 patch, right num 92, error num 8.
2022-11-26 22:00:29.730 | INFO     | __main__:classification:16 - Test step in 110 patch, right num 101, error num 9.
2022-11-26 22:01:03.561 | INFO     | __main__:classification:16 - Test step in 120 patch, right num 109, error num 11.
2022-11-26 22:01:36.919 | INFO     | __main__:classification:16 - Test step in 130 patch, right num 118, error num 12.
2022-11-26 22:02:10.072 | INFO     | __main__:classification:16 - Test step in 140 patch, right num 128, error num 12.
2022-11-26 22:02:43.175 | INFO     | __main__:classification:16 - Test step in 150 patch, right num 138, error num 12.
2022-11-26 22:03:16.952 | INFO     | __main__:classification:16 - Test step in 160 patch, right num 145, error num 15.
2022-11-26 22:03:50.566 | INFO     | __main__:classification:16 - Test step in 170 patch, right num 152, error num 18.
2022-11-26 22:04:23.763 | INFO     | __main__:classification:16 - Test step in 180 patch, right num 162, error num 18.
2022-11-26 22:04:56.943 | INFO     | __main__:classification:16 - Test step in 190 patch, right num 171, error num 19.
2022-11-26 22:05:30.238 | INFO     | __main__:classification:16 - Test step in 200 patch, right num 180, error num 20.
2022-11-26 22:06:03.640 | INFO     | __main__:classification:16 - Test step in 210 patch, right num 189, error num 21.
2022-11-26 22:06:37.153 | INFO     | __main__:classification:16 - Test step in 220 patch, right num 197, error num 23.
2022-11-26 22:07:10.428 | INFO     | __main__:classification:16 - Test step in 230 patch, right num 205, error num 25.
2022-11-26 22:07:43.425 | INFO     | __main__:classification:16 - Test step in 240 patch, right num 215, error num 25.
2022-11-26 22:08:16.534 | INFO     | __main__:classification:16 - Test step in 250 patch, right num 222, error num 28.
2022-11-26 22:08:50.161 | INFO     | __main__:classification:16 - Test step in 260 patch, right num 228, error num 32.
2022-11-26 22:09:23.553 | INFO     | __main__:classification:16 - Test step in 270 patch, right num 237, error num 33.
2022-11-26 22:09:56.718 | INFO     | __main__:classification:16 - Test step in 280 patch, right num 247, error num 33.
2022-11-26 22:10:30.265 | INFO     | __main__:classification:16 - Test step in 290 patch, right num 254, error num 36.
2022-11-26 22:11:03.169 | INFO     | __main__:classification:16 - Test step in 300 patch, right num 264, error num 36.
2022-11-26 22:11:36.720 | INFO     | __main__:classification:16 - Test step in 310 patch, right num 271, error num 39.
2022-11-26 22:12:10.990 | INFO     | __main__:classification:16 - Test step in 320 patch, right num 280, error num 40.
2022-11-26 22:12:46.995 | INFO     | __main__:classification:16 - Test step in 330 patch, right num 288, error num 42.
2022-11-26 22:13:33.606 | INFO     | __main__:classification:16 - Test step in 340 patch, right num 296, error num 44.
2022-11-26 22:14:07.881 | INFO     | __main__:classification:16 - Test step in 350 patch, right num 305, error num 45.
2022-11-26 22:14:41.630 | INFO     | __main__:classification:16 - Test step in 360 patch, right num 313, error num 47.
2022-11-26 22:15:14.983 | INFO     | __main__:classification:16 - Test step in 370 patch, right num 321, error num 49.
2022-11-26 22:15:48.890 | INFO     | __main__:classification:16 - Test step in 380 patch, right num 328, error num 52.
2022-11-26 22:16:21.824 | INFO     | __main__:classification:16 - Test step in 390 patch, right num 337, error num 53.
2022-11-26 22:16:55.937 | INFO     | __main__:classification:16 - Test step in 400 patch, right num 347, error num 53.
2022-11-26 22:17:29.720 | INFO     | __main__:classification:16 - Test step in 410 patch, right num 353, error num 57.
2022-11-26 22:18:03.066 | INFO     | __main__:classification:16 - Test step in 420 patch, right num 363, error num 57.
2022-11-26 22:18:36.534 | INFO     | __main__:classification:16 - Test step in 430 patch, right num 373, error num 57.
2022-11-26 22:19:09.848 | INFO     | __main__:classification:16 - Test step in 440 patch, right num 380, error num 60.
2022-11-26 22:19:44.281 | INFO     | __main__:classification:16 - Test step in 450 patch, right num 387, error num 63.
2022-11-26 22:20:17.559 | INFO     | __main__:classification:16 - Test step in 460 patch, right num 395, error num 65.
2022-11-26 22:20:53.487 | INFO     | __main__:classification:16 - Test step in 470 patch, right num 405, error num 65.
2022-11-26 22:21:27.332 | INFO     | __main__:classification:16 - Test step in 480 patch, right num 415, error num 65.
2022-11-26 22:22:00.634 | INFO     | __main__:classification:16 - Test step in 490 patch, right num 424, error num 66.
2022-11-26 22:22:33.950 | INFO     | __main__:classification:16 - Test step in 500 patch, right num 431, error num 69.
2022-11-26 22:23:07.463 | INFO     | __main__:classification:16 - Test step in 510 patch, right num 440, error num 70.
2022-11-26 22:23:43.174 | INFO     | __main__:classification:16 - Test step in 520 patch, right num 449, error num 71.
2022-11-26 22:24:16.303 | INFO     | __main__:classification:16 - Test step in 530 patch, right num 458, error num 72.
2022-11-26 22:24:50.538 | INFO     | __main__:classification:16 - Test step in 540 patch, right num 466, error num 74.
2022-11-26 22:25:24.160 | INFO     | __main__:classification:16 - Test step in 550 patch, right num 476, error num 74.
2022-11-26 22:25:59.294 | INFO     | __main__:classification:16 - Test step in 560 patch, right num 484, error num 76.
2022-11-26 22:26:34.903 | INFO     | __main__:classification:16 - Test step in 570 patch, right num 494, error num 76.
2022-11-26 22:27:08.929 | INFO     | __main__:classification:16 - Test step in 580 patch, right num 503, error num 77.
2022-11-26 22:27:42.794 | INFO     | __main__:classification:16 - Test step in 590 patch, right num 511, error num 79.
2022-11-26 22:28:16.431 | INFO     | __main__:classification:16 - Test step in 600 patch, right num 520, error num 80.
2022-11-26 22:28:50.188 | INFO     | __main__:classification:16 - Test step in 610 patch, right num 529, error num 81.
2022-11-26 22:29:23.920 | INFO     | __main__:classification:16 - Test step in 620 patch, right num 537, error num 83.
2022-11-26 22:29:57.506 | INFO     | __main__:classification:16 - Test step in 630 patch, right num 543, error num 87.
2022-11-26 22:30:31.029 | INFO     | __main__:classification:16 - Test step in 640 patch, right num 551, error num 89.
2022-11-26 22:31:04.555 | INFO     | __main__:classification:16 - Test step in 650 patch, right num 558, error num 92.
2022-11-26 22:31:38.222 | INFO     | __main__:classification:16 - Test step in 660 patch, right num 564, error num 96.
2022-11-26 22:32:11.492 | INFO     | __main__:classification:16 - Test step in 670 patch, right num 573, error num 97.
2022-11-26 22:32:44.952 | INFO     | __main__:classification:16 - Test step in 680 patch, right num 582, error num 98.
2022-11-26 22:33:18.577 | INFO     | __main__:classification:16 - Test step in 690 patch, right num 592, error num 98.
2022-11-26 22:33:51.527 | INFO     | __main__:classification:16 - Test step in 700 patch, right num 602, error num 98.
2022-11-26 22:34:25.417 | INFO     | __main__:classification:16 - Test step in 710 patch, right num 609, error num 101.
2022-11-26 22:34:59.735 | INFO     | __main__:classification:16 - Test step in 720 patch, right num 617, error num 103.
2022-11-26 22:35:34.431 | INFO     | __main__:classification:16 - Test step in 730 patch, right num 627, error num 103.
2022-11-26 22:36:08.741 | INFO     | __main__:classification:16 - Test step in 740 patch, right num 636, error num 104.
2022-11-26 22:36:42.152 | INFO     | __main__:classification:16 - Test step in 750 patch, right num 646, error num 104.
2022-11-26 22:37:15.560 | INFO     | __main__:classification:16 - Test step in 760 patch, right num 655, error num 105.
2022-11-26 22:37:48.698 | INFO     | __main__:classification:16 - Test step in 770 patch, right num 664, error num 106.
2022-11-26 22:38:22.284 | INFO     | __main__:classification:16 - Test step in 780 patch, right num 674, error num 106.
2022-11-26 22:38:55.922 | INFO     | __main__:classification:16 - Test step in 790 patch, right num 682, error num 108.
2022-11-26 22:39:29.572 | INFO     | __main__:classification:16 - Test step in 800 patch, right num 688, error num 112.
2022-11-26 22:40:03.510 | INFO     | __main__:classification:16 - Test step in 810 patch, right num 696, error num 114.
2022-11-26 22:40:38.239 | INFO     | __main__:classification:16 - Test step in 820 patch, right num 706, error num 114.
2022-11-26 22:41:12.431 | INFO     | __main__:classification:16 - Test step in 830 patch, right num 715, error num 115.
2022-11-26 22:41:45.830 | INFO     | __main__:classification:16 - Test step in 840 patch, right num 724, error num 116.
2022-11-26 22:42:19.422 | INFO     | __main__:classification:16 - Test step in 850 patch, right num 733, error num 117.
2022-11-26 22:42:52.850 | INFO     | __main__:classification:16 - Test step in 860 patch, right num 742, error num 118.
2022-11-26 22:43:26.343 | INFO     | __main__:classification:16 - Test step in 870 patch, right num 749, error num 121.
2022-11-26 22:43:59.805 | INFO     | __main__:classification:16 - Test step in 880 patch, right num 758, error num 122.
2022-11-26 22:44:33.153 | INFO     | __main__:classification:16 - Test step in 890 patch, right num 767, error num 123.
2022-11-26 22:45:06.962 | INFO     | __main__:classification:16 - Test step in 900 patch, right num 775, error num 125.
2022-11-26 22:45:41.900 | INFO     | __main__:classification:16 - Test step in 910 patch, right num 783, error num 127.
2022-11-26 22:46:15.550 | INFO     | __main__:classification:16 - Test step in 920 patch, right num 792, error num 128.
2022-11-26 22:46:48.794 | INFO     | __main__:classification:16 - Test step in 930 patch, right num 802, error num 128.
2022-11-26 22:47:21.945 | INFO     | __main__:classification:16 - Test step in 940 patch, right num 812, error num 128.
2022-11-26 22:47:56.169 | INFO     | __main__:classification:16 - Test step in 950 patch, right num 821, error num 129.
2022-11-26 22:48:29.495 | INFO     | __main__:classification:16 - Test step in 960 patch, right num 826, error num 134.
2022-11-26 22:49:02.732 | INFO     | __main__:classification:16 - Test step in 970 patch, right num 834, error num 136.
2022-11-26 22:49:36.227 | INFO     | __main__:classification:16 - Test step in 980 patch, right num 843, error num 137.
2022-11-26 22:50:09.565 | INFO     | __main__:classification:16 - Test step in 990 patch, right num 852, error num 138.
2022-11-26 22:50:43.422 | INFO     | __main__:classification:16 - Test step in 1000 patch, right num 862, error num 138.
2022-11-26 22:51:17.259 | INFO     | __main__:classification:16 - Test step in 1010 patch, right num 872, error num 138.
2022-11-26 22:51:50.438 | INFO     | __main__:classification:16 - Test step in 1020 patch, right num 881, error num 139.
2022-11-26 22:52:23.790 | INFO     | __main__:classification:16 - Test step in 1030 patch, right num 889, error num 141.
2022-11-26 22:52:57.219 | INFO     | __main__:classification:16 - Test step in 1040 patch, right num 898, error num 142.
2022-11-26 22:53:30.950 | INFO     | __main__:classification:16 - Test step in 1050 patch, right num 906, error num 144.
2022-11-26 22:54:04.540 | INFO     | __main__:classification:16 - Test step in 1060 patch, right num 915, error num 145.
2022-11-26 22:54:37.916 | INFO     | __main__:classification:16 - Test step in 1070 patch, right num 924, error num 146.
2022-11-26 22:55:11.390 | INFO     | __main__:classification:16 - Test step in 1080 patch, right num 932, error num 148.
2022-11-26 22:55:45.303 | INFO     | __main__:classification:16 - Test step in 1090 patch, right num 941, error num 149.
2022-11-26 22:56:19.312 | INFO     | __main__:classification:16 - Test step in 1100 patch, right num 951, error num 149.
2022-11-26 22:56:52.391 | INFO     | __main__:classification:16 - Test step in 1110 patch, right num 960, error num 150.
2022-11-26 22:57:25.862 | INFO     | __main__:classification:16 - Test step in 1120 patch, right num 968, error num 152.
2022-11-26 22:57:59.909 | INFO     | __main__:classification:16 - Test step in 1130 patch, right num 976, error num 154.
2022-11-26 22:58:33.199 | INFO     | __main__:classification:16 - Test step in 1140 patch, right num 985, error num 155.
2022-11-26 22:59:06.421 | INFO     | __main__:classification:16 - Test step in 1150 patch, right num 994, error num 156.
2022-11-26 22:59:39.653 | INFO     | __main__:classification:16 - Test step in 1160 patch, right num 1004, error num 156.
2022-11-26 23:00:12.977 | INFO     | __main__:classification:16 - Test step in 1170 patch, right num 1014, error num 156.
2022-11-26 23:00:46.035 | INFO     | __main__:classification:16 - Test step in 1180 patch, right num 1024, error num 156.
2022-11-26 23:01:19.594 | INFO     | __main__:classification:16 - Test step in 1190 patch, right num 1031, error num 159.
2022-11-26 23:01:53.072 | INFO     | __main__:classification:16 - Test step in 1200 patch, right num 1040, error num 160.
2022-11-26 23:02:27.465 | INFO     | __main__:classification:16 - Test step in 1210 patch, right num 1049, error num 161.
2022-11-26 23:03:01.870 | INFO     | __main__:classification:16 - Test step in 1220 patch, right num 1056, error num 164.
2022-11-26 23:03:36.305 | INFO     | __main__:classification:16 - Test step in 1230 patch, right num 1063, error num 167.
2022-11-26 23:04:09.864 | INFO     | __main__:classification:16 - Test step in 1240 patch, right num 1072, error num 168.
2022-11-26 23:04:43.322 | INFO     | __main__:classification:16 - Test step in 1250 patch, right num 1081, error num 169.
2022-11-26 23:05:17.053 | INFO     | __main__:classification:16 - Test step in 1260 patch, right num 1091, error num 169.
2022-11-26 23:05:50.820 | INFO     | __main__:classification:16 - Test step in 1270 patch, right num 1100, error num 170.
2022-11-26 23:06:25.433 | INFO     | __main__:classification:16 - Test step in 1280 patch, right num 1110, error num 170.
2022-11-26 23:06:58.671 | INFO     | __main__:classification:16 - Test step in 1290 patch, right num 1119, error num 171.
2022-11-26 23:07:32.403 | INFO     | __main__:classification:16 - Test step in 1300 patch, right num 1126, error num 174.
2022-11-26 23:08:05.821 | INFO     | __main__:classification:16 - Test step in 1310 patch, right num 1134, error num 176.
2022-11-26 23:08:39.339 | INFO     | __main__:classification:16 - Test step in 1320 patch, right num 1143, error num 177.
2022-11-26 23:09:13.072 | INFO     | __main__:classification:16 - Test step in 1330 patch, right num 1151, error num 179.
2022-11-26 23:09:46.394 | INFO     | __main__:classification:16 - Test step in 1340 patch, right num 1161, error num 179.
2022-11-26 23:10:20.218 | INFO     | __main__:classification:16 - Test step in 1350 patch, right num 1171, error num 179.
2022-11-26 23:10:53.877 | INFO     | __main__:classification:16 - Test step in 1360 patch, right num 1179, error num 181.
2022-11-26 23:11:27.560 | INFO     | __main__:classification:16 - Test step in 1370 patch, right num 1188, error num 182.
2022-11-26 23:12:01.375 | INFO     | __main__:classification:16 - Test step in 1380 patch, right num 1195, error num 185.
2022-11-26 23:12:37.132 | INFO     | __main__:classification:16 - Test step in 1390 patch, right num 1201, error num 189.
2022-11-26 23:13:10.502 | INFO     | __main__:classification:16 - Test step in 1400 patch, right num 1209, error num 191.
2022-11-26 23:13:43.752 | INFO     | __main__:classification:16 - Test step in 1410 patch, right num 1217, error num 193.
2022-11-26 23:14:17.129 | INFO     | __main__:classification:16 - Test step in 1420 patch, right num 1226, error num 194.
2022-11-26 23:14:50.548 | INFO     | __main__:classification:16 - Test step in 1430 patch, right num 1235, error num 195.
2022-11-26 23:15:24.267 | INFO     | __main__:classification:16 - Test step in 1440 patch, right num 1245, error num 195.
2022-11-26 23:15:57.883 | INFO     | __main__:classification:16 - Test step in 1450 patch, right num 1254, error num 196.
2022-11-26 23:16:31.279 | INFO     | __main__:classification:16 - Test step in 1460 patch, right num 1263, error num 197.
2022-11-26 23:17:04.740 | INFO     | __main__:classification:16 - Test step in 1470 patch, right num 1270, error num 200.
2022-11-26 23:17:38.365 | INFO     | __main__:classification:16 - Test step in 1480 patch, right num 1279, error num 201.
2022-11-26 23:18:12.614 | INFO     | __main__:classification:16 - Test step in 1490 patch, right num 1287, error num 203.
2022-11-26 23:18:46.395 | INFO     | __main__:classification:16 - Test step in 1500 patch, right num 1296, error num 204.
2022-11-26 23:19:20.167 | INFO     | __main__:classification:16 - Test step in 1510 patch, right num 1305, error num 205.
2022-11-26 23:19:53.957 | INFO     | __main__:classification:16 - Test step in 1520 patch, right num 1312, error num 208.
2022-11-26 23:20:27.382 | INFO     | __main__:classification:16 - Test step in 1530 patch, right num 1320, error num 210.
2022-11-26 23:21:00.608 | INFO     | __main__:classification:16 - Test step in 1540 patch, right num 1328, error num 212.
2022-11-26 23:21:34.183 | INFO     | __main__:classification:16 - Test step in 1550 patch, right num 1336, error num 214.
2022-11-26 23:22:07.835 | INFO     | __main__:classification:16 - Test step in 1560 patch, right num 1342, error num 218.
2022-11-26 23:22:41.121 | INFO     | __main__:classification:16 - Test step in 1570 patch, right num 1350, error num 220.
2022-11-26 23:23:14.510 | INFO     | __main__:classification:16 - Test step in 1580 patch, right num 1360, error num 220.
2022-11-26 23:23:47.895 | INFO     | __main__:classification:16 - Test step in 1590 patch, right num 1368, error num 222.
2022-11-26 23:24:21.540 | INFO     | __main__:classification:16 - Test step in 1600 patch, right num 1376, error num 224.
2022-11-26 23:24:55.096 | INFO     | __main__:classification:16 - Test step in 1610 patch, right num 1382, error num 228.
2022-11-26 23:25:29.055 | INFO     | __main__:classification:16 - Test step in 1620 patch, right num 1391, error num 229.
2022-11-26 23:26:02.750 | INFO     | __main__:classification:16 - Test step in 1630 patch, right num 1400, error num 230.
2022-11-26 23:26:36.273 | INFO     | __main__:classification:16 - Test step in 1640 patch, right num 1407, error num 233.
2022-11-26 23:27:09.511 | INFO     | __main__:classification:16 - Test step in 1650 patch, right num 1415, error num 235.
2022-11-26 23:27:42.859 | INFO     | __main__:classification:16 - Test step in 1660 patch, right num 1424, error num 236.
2022-11-26 23:28:16.214 | INFO     | __main__:classification:16 - Test step in 1670 patch, right num 1431, error num 239.
2022-11-26 23:28:49.865 | INFO     | __main__:classification:16 - Test step in 1680 patch, right num 1438, error num 242.
2022-11-26 23:29:24.044 | INFO     | __main__:classification:16 - Test step in 1690 patch, right num 1447, error num 243.
2022-11-26 23:29:57.127 | INFO     | __main__:classification:16 - Test step in 1700 patch, right num 1456, error num 244.
2022-11-26 23:30:30.499 | INFO     | __main__:classification:16 - Test step in 1710 patch, right num 1466, error num 244.
2022-11-26 23:31:03.495 | INFO     | __main__:classification:16 - Test step in 1720 patch, right num 1475, error num 245.
2022-11-26 23:31:36.806 | INFO     | __main__:classification:16 - Test step in 1730 patch, right num 1484, error num 246.
2022-11-26 23:32:10.142 | INFO     | __main__:classification:16 - Test step in 1740 patch, right num 1492, error num 248.
2022-11-26 23:32:45.278 | INFO     | __main__:classification:16 - Test step in 1750 patch, right num 1502, error num 248.
2022-11-26 23:33:21.955 | INFO     | __main__:classification:16 - Test step in 1760 patch, right num 1509, error num 251.
2022-11-26 23:33:55.190 | INFO     | __main__:classification:16 - Test step in 1770 patch, right num 1518, error num 252.
2022-11-26 23:34:28.628 | INFO     | __main__:classification:16 - Test step in 1780 patch, right num 1526, error num 254.
2022-11-26 23:35:01.814 | INFO     | __main__:classification:16 - Test step in 1790 patch, right num 1535, error num 255.
2022-11-26 23:35:34.955 | INFO     | __main__:classification:16 - Test step in 1800 patch, right num 1543, error num 257.
2022-11-26 23:36:08.229 | INFO     | __main__:classification:16 - Test step in 1810 patch, right num 1553, error num 257.
2022-11-26 23:36:41.887 | INFO     | __main__:classification:16 - Test step in 1820 patch, right num 1562, error num 258.
2022-11-26 23:37:15.556 | INFO     | __main__:classification:16 - Test step in 1830 patch, right num 1570, error num 260.
2022-11-26 23:37:49.863 | INFO     | __main__:classification:16 - Test step in 1840 patch, right num 1579, error num 261.
2022-11-26 23:38:23.348 | INFO     | __main__:classification:16 - Test step in 1850 patch, right num 1587, error num 263.
2022-11-26 23:38:57.057 | INFO     | __main__:classification:16 - Test step in 1860 patch, right num 1595, error num 265.
2022-11-26 23:39:30.652 | INFO     | __main__:classification:16 - Test step in 1870 patch, right num 1605, error num 265.
2022-11-26 23:40:04.001 | INFO     | __main__:classification:16 - Test step in 1880 patch, right num 1615, error num 265.
2022-11-26 23:40:37.735 | INFO     | __main__:classification:16 - Test step in 1890 patch, right num 1623, error num 267.
2022-11-26 23:41:11.156 | INFO     | __main__:classification:16 - Test step in 1900 patch, right num 1632, error num 268.
2022-11-26 23:41:44.527 | INFO     | __main__:classification:16 - Test step in 1910 patch, right num 1642, error num 268.
2022-11-26 23:42:18.329 | INFO     | __main__:classification:16 - Test step in 1920 patch, right num 1651, error num 269.
2022-11-26 23:42:51.828 | INFO     | __main__:classification:16 - Test step in 1930 patch, right num 1661, error num 269.
2022-11-26 23:43:25.794 | INFO     | __main__:classification:16 - Test step in 1940 patch, right num 1669, error num 271.
2022-11-26 23:44:00.311 | INFO     | __main__:classification:16 - Test step in 1950 patch, right num 1678, error num 272.
2022-11-26 23:44:33.990 | INFO     | __main__:classification:16 - Test step in 1960 patch, right num 1687, error num 273.
2022-11-26 23:45:07.553 | INFO     | __main__:classification:16 - Test step in 1970 patch, right num 1696, error num 274.
2022-11-26 23:45:40.601 | INFO     | __main__:classification:16 - Test step in 1980 patch, right num 1702, error num 278.
2022-11-26 23:46:13.805 | INFO     | __main__:classification:16 - Test step in 1990 patch, right num 1711, error num 279.
2022-11-26 23:46:46.887 | INFO     | __main__:classification:16 - Test step in 2000 patch, right num 1720, error num 280.
2022-11-26 23:47:21.529 | INFO     | __main__:classification:16 - Test step in 2010 patch, right num 1728, error num 282.
2022-11-26 23:47:55.459 | INFO     | __main__:classification:16 - Test step in 2020 patch, right num 1737, error num 283.
2022-11-26 23:48:28.963 | INFO     | __main__:classification:16 - Test step in 2030 patch, right num 1747, error num 283.
2022-11-26 23:49:02.603 | INFO     | __main__:classification:16 - Test step in 2040 patch, right num 1756, error num 284.
2022-11-26 23:49:37.021 | INFO     | __main__:classification:16 - Test step in 2050 patch, right num 1765, error num 285.
2022-11-26 23:50:10.512 | INFO     | __main__:classification:16 - Test step in 2060 patch, right num 1775, error num 285.
2022-11-26 23:50:43.921 | INFO     | __main__:classification:16 - Test step in 2070 patch, right num 1783, error num 287.
2022-11-26 23:51:17.600 | INFO     | __main__:classification:16 - Test step in 2080 patch, right num 1788, error num 292.
2022-11-26 23:51:51.386 | INFO     | __main__:classification:16 - Test step in 2090 patch, right num 1794, error num 296.
2022-11-26 23:52:24.827 | INFO     | __main__:classification:16 - Test step in 2100 patch, right num 1803, error num 297.
2022-11-26 23:52:58.121 | INFO     | __main__:classification:16 - Test step in 2110 patch, right num 1811, error num 299.
2022-11-26 23:53:32.073 | INFO     | __main__:classification:16 - Test step in 2120 patch, right num 1820, error num 300.
2022-11-26 23:54:05.599 | INFO     | __main__:classification:16 - Test step in 2130 patch, right num 1829, error num 301.
2022-11-26 23:54:39.233 | INFO     | __main__:classification:16 - Test step in 2140 patch, right num 1837, error num 303.
2022-11-26 23:55:12.700 | INFO     | __main__:classification:16 - Test step in 2150 patch, right num 1847, error num 303.
2022-11-26 23:55:46.054 | INFO     | __main__:classification:16 - Test step in 2160 patch, right num 1857, error num 303.
2022-11-26 23:56:19.457 | INFO     | __main__:classification:16 - Test step in 2170 patch, right num 1866, error num 304.
2022-11-26 23:56:53.690 | INFO     | __main__:classification:16 - Test step in 2180 patch, right num 1875, error num 305.
2022-11-26 23:57:27.107 | INFO     | __main__:classification:16 - Test step in 2190 patch, right num 1885, error num 305.
2022-11-26 23:58:00.671 | INFO     | __main__:classification:16 - Test step in 2200 patch, right num 1894, error num 306.
2022-11-26 23:58:35.225 | INFO     | __main__:classification:16 - Test step in 2210 patch, right num 1903, error num 307.
2022-11-26 23:59:09.460 | INFO     | __main__:classification:16 - Test step in 2220 patch, right num 1910, error num 310.
2022-11-26 23:59:42.604 | INFO     | __main__:classification:16 - Test step in 2230 patch, right num 1918, error num 312.
2022-11-27 00:00:16.022 | INFO     | __main__:classification:16 - Test step in 2240 patch, right num 1928, error num 312.
2022-11-27 00:00:49.799 | INFO     | __main__:classification:16 - Test step in 2250 patch, right num 1935, error num 315.
2022-11-27 00:01:23.699 | INFO     | __main__:classification:16 - Test step in 2260 patch, right num 1943, error num 317.
2022-11-27 00:01:57.364 | INFO     | __main__:classification:16 - Test step in 2270 patch, right num 1950, error num 320.
2022-11-27 00:02:30.867 | INFO     | __main__:classification:16 - Test step in 2280 patch, right num 1960, error num 320.
2022-11-27 00:03:04.296 | INFO     | __main__:classification:16 - Test step in 2290 patch, right num 1968, error num 322.
2022-11-27 00:03:37.644 | INFO     | __main__:classification:16 - Test step in 2300 patch, right num 1977, error num 323.
2022-11-27 00:04:10.615 | INFO     | __main__:classification:16 - Test step in 2310 patch, right num 1985, error num 325.
2022-11-27 00:04:44.299 | INFO     | __main__:classification:16 - Test step in 2320 patch, right num 1994, error num 326.
2022-11-27 00:05:17.747 | INFO     | __main__:classification:16 - Test step in 2330 patch, right num 2003, error num 327.
2022-11-27 00:05:51.262 | INFO     | __main__:classification:16 - Test step in 2340 patch, right num 2012, error num 328.
2022-11-27 00:06:24.786 | INFO     | __main__:classification:16 - Test step in 2350 patch, right num 2021, error num 329.
2022-11-27 00:06:57.965 | INFO     | __main__:classification:16 - Test step in 2360 patch, right num 2029, error num 331.
2022-11-27 00:07:31.798 | INFO     | __main__:classification:16 - Test step in 2370 patch, right num 2039, error num 331.
2022-11-27 00:08:05.024 | INFO     | __main__:classification:16 - Test step in 2380 patch, right num 2048, error num 332.
2022-11-27 00:08:38.549 | INFO     | __main__:classification:16 - Test step in 2390 patch, right num 2056, error num 334.
2022-11-27 00:09:11.951 | INFO     | __main__:classification:16 - Test step in 2400 patch, right num 2063, error num 337.
2022-11-27 00:09:45.068 | INFO     | __main__:classification:16 - Test step in 2410 patch, right num 2073, error num 337.
2022-11-27 00:10:18.516 | INFO     | __main__:classification:16 - Test step in 2420 patch, right num 2083, error num 337.
2022-11-27 00:10:52.342 | INFO     | __main__:classification:16 - Test step in 2430 patch, right num 2092, error num 338.
2022-11-27 00:11:26.157 | INFO     | __main__:classification:16 - Test step in 2440 patch, right num 2102, error num 338.
2022-11-27 00:11:59.963 | INFO     | __main__:classification:16 - Test step in 2450 patch, right num 2111, error num 339.
2022-11-27 00:12:33.909 | INFO     | __main__:classification:16 - Test step in 2460 patch, right num 2120, error num 340.
2022-11-27 00:13:08.048 | INFO     | __main__:classification:16 - Test step in 2470 patch, right num 2129, error num 341.
2022-11-27 00:13:42.030 | INFO     | __main__:classification:16 - Test step in 2480 patch, right num 2138, error num 342.
2022-11-27 00:14:15.600 | INFO     | __main__:classification:16 - Test step in 2490 patch, right num 2146, error num 344.
2022-11-27 00:14:49.242 | INFO     | __main__:classification:16 - Test step in 2500 patch, right num 2156, error num 344.
2022-11-27 00:15:22.546 | INFO     | __main__:classification:16 - Test step in 2510 patch, right num 2166, error num 344.
2022-11-27 00:15:56.120 | INFO     | __main__:classification:16 - Test step in 2520 patch, right num 2175, error num 345.
2022-11-27 00:16:29.620 | INFO     | __main__:classification:16 - Test step in 2530 patch, right num 2184, error num 346.
2022-11-27 00:17:03.231 | INFO     | __main__:classification:16 - Test step in 2540 patch, right num 2192, error num 348.
2022-11-27 00:17:37.465 | INFO     | __main__:classification:16 - Test step in 2550 patch, right num 2202, error num 348.
2022-11-27 00:18:10.989 | INFO     | __main__:classification:16 - Test step in 2560 patch, right num 2212, error num 348.
2022-11-27 00:18:44.520 | INFO     | __main__:classification:16 - Test step in 2570 patch, right num 2220, error num 350.
2022-11-27 00:19:17.974 | INFO     | __main__:classification:16 - Test step in 2580 patch, right num 2229, error num 351.
2022-11-27 00:19:51.998 | INFO     | __main__:classification:16 - Test step in 2590 patch, right num 2236, error num 354.
2022-11-27 00:20:25.819 | INFO     | __main__:classification:16 - Test step in 2600 patch, right num 2243, error num 357.
2022-11-27 00:20:59.337 | INFO     | __main__:classification:16 - Test step in 2610 patch, right num 2253, error num 357.
2022-11-27 00:21:32.958 | INFO     | __main__:classification:16 - Test step in 2620 patch, right num 2260, error num 360.
2022-11-27 00:22:06.338 | INFO     | __main__:classification:16 - Test step in 2630 patch, right num 2269, error num 361.
2022-11-27 00:22:40.434 | INFO     | __main__:classification:16 - Test step in 2640 patch, right num 2279, error num 361.
2022-11-27 00:23:13.859 | INFO     | __main__:classification:16 - Test step in 2650 patch, right num 2289, error num 361.
2022-11-27 00:23:47.371 | INFO     | __main__:classification:16 - Test step in 2660 patch, right num 2297, error num 363.
2022-11-27 00:24:21.012 | INFO     | __main__:classification:16 - Test step in 2670 patch, right num 2307, error num 363.
2022-11-27 00:24:54.219 | INFO     | __main__:classification:16 - Test step in 2680 patch, right num 2315, error num 365.
2022-11-27 00:25:27.441 | INFO     | __main__:classification:16 - Test step in 2690 patch, right num 2324, error num 366.
2022-11-27 00:26:00.884 | INFO     | __main__:classification:16 - Test step in 2700 patch, right num 2334, error num 366.
2022-11-27 00:26:34.525 | INFO     | __main__:classification:16 - Test step in 2710 patch, right num 2343, error num 367.
2022-11-27 00:27:08.032 | INFO     | __main__:classification:16 - Test step in 2720 patch, right num 2353, error num 367.
2022-11-27 00:27:41.443 | INFO     | __main__:classification:16 - Test step in 2730 patch, right num 2362, error num 368.
2022-11-27 00:28:14.900 | INFO     | __main__:classification:16 - Test step in 2740 patch, right num 2371, error num 369.
2022-11-27 00:28:48.352 | INFO     | __main__:classification:16 - Test step in 2750 patch, right num 2379, error num 371.
2022-11-27 00:29:21.786 | INFO     | __main__:classification:16 - Test step in 2760 patch, right num 2386, error num 374.
2022-11-27 00:29:54.969 | INFO     | __main__:classification:16 - Test step in 2770 patch, right num 2396, error num 374.
2022-11-27 00:30:28.655 | INFO     | __main__:classification:16 - Test step in 2780 patch, right num 2406, error num 374.
2022-11-27 00:31:02.338 | INFO     | __main__:classification:16 - Test step in 2790 patch, right num 2416, error num 374.
2022-11-27 00:31:35.790 | INFO     | __main__:classification:16 - Test step in 2800 patch, right num 2426, error num 374.
2022-11-27 00:32:09.475 | INFO     | __main__:classification:16 - Test step in 2810 patch, right num 2434, error num 376.
2022-11-27 00:32:43.105 | INFO     | __main__:classification:16 - Test step in 2820 patch, right num 2441, error num 379.
2022-11-27 00:33:16.591 | INFO     | __main__:classification:16 - Test step in 2830 patch, right num 2448, error num 382.
2022-11-27 00:33:50.382 | INFO     | __main__:classification:16 - Test step in 2840 patch, right num 2456, error num 384.
2022-11-27 00:34:23.979 | INFO     | __main__:classification:16 - Test step in 2850 patch, right num 2465, error num 385.
2022-11-27 00:34:57.384 | INFO     | __main__:classification:16 - Test step in 2860 patch, right num 2473, error num 387.
2022-11-27 00:35:30.458 | INFO     | __main__:classification:16 - Test step in 2870 patch, right num 2483, error num 387.
2022-11-27 00:36:03.892 | INFO     | __main__:classification:16 - Test step in 2880 patch, right num 2491, error num 389.
2022-11-27 00:36:37.923 | INFO     | __main__:classification:16 - Test step in 2890 patch, right num 2498, error num 392.
2022-11-27 00:37:11.335 | INFO     | __main__:classification:16 - Test step in 2900 patch, right num 2507, error num 393.
2022-11-27 00:37:44.689 | INFO     | __main__:classification:16 - Test step in 2910 patch, right num 2516, error num 394.
2022-11-27 00:38:19.165 | INFO     | __main__:classification:16 - Test step in 2920 patch, right num 2525, error num 395.
2022-11-27 00:38:52.524 | INFO     | __main__:classification:16 - Test step in 2930 patch, right num 2535, error num 395.
2022-11-27 00:39:26.166 | INFO     | __main__:classification:16 - Test step in 2940 patch, right num 2544, error num 396.
2022-11-27 00:39:59.948 | INFO     | __main__:classification:16 - Test step in 2950 patch, right num 2554, error num 396.
2022-11-27 00:40:33.368 | INFO     | __main__:classification:16 - Test step in 2960 patch, right num 2563, error num 397.
2022-11-27 00:41:06.962 | INFO     | __main__:classification:16 - Test step in 2970 patch, right num 2570, error num 400.
2022-11-27 00:41:40.763 | INFO     | __main__:classification:16 - Test step in 2980 patch, right num 2580, error num 400.
2022-11-27 00:42:14.477 | INFO     | __main__:classification:16 - Test step in 2990 patch, right num 2589, error num 401.
2022-11-27 00:42:47.982 | INFO     | __main__:classification:16 - Test step in 3000 patch, right num 2597, error num 403.
2022-11-27 00:43:21.932 | INFO     | __main__:classification:16 - Test step in 3010 patch, right num 2605, error num 405.
2022-11-27 00:43:25.934 | INFO     | __main__:classification:37 - Test finish, right num is 2605, error num is 406
2022-11-27 00:43:27.153 | INFO     | __main__:main:70 - Test Spam Email.
2022-11-27 00:43:27.154 | INFO     | __main__:classification:13 - total feature is 77386
2022-11-27 00:43:27.154 | INFO     | __main__:classification:16 - Test step in 0 patch, right num 0, error num 0.
2022-11-27 00:44:01.033 | INFO     | __main__:classification:16 - Test step in 10 patch, right num 10, error num 0.
2022-11-27 00:44:34.226 | INFO     | __main__:classification:16 - Test step in 20 patch, right num 20, error num 0.
2022-11-27 00:45:07.456 | INFO     | __main__:classification:16 - Test step in 30 patch, right num 30, error num 0.
2022-11-27 00:45:40.636 | INFO     | __main__:classification:16 - Test step in 40 patch, right num 39, error num 1.
2022-11-27 00:46:14.206 | INFO     | __main__:classification:16 - Test step in 50 patch, right num 49, error num 1.
2022-11-27 00:46:48.060 | INFO     | __main__:classification:16 - Test step in 60 patch, right num 59, error num 1.
2022-11-27 00:47:21.971 | INFO     | __main__:classification:16 - Test step in 70 patch, right num 69, error num 1.
2022-11-27 00:47:55.664 | INFO     | __main__:classification:16 - Test step in 80 patch, right num 79, error num 1.
2022-11-27 00:48:29.306 | INFO     | __main__:classification:16 - Test step in 90 patch, right num 89, error num 1.
2022-11-27 00:49:03.041 | INFO     | __main__:classification:16 - Test step in 100 patch, right num 98, error num 2.
2022-11-27 00:49:36.734 | INFO     | __main__:classification:16 - Test step in 110 patch, right num 108, error num 2.
2022-11-27 00:50:10.674 | INFO     | __main__:classification:16 - Test step in 120 patch, right num 118, error num 2.
2022-11-27 00:50:44.245 | INFO     | __main__:classification:16 - Test step in 130 patch, right num 127, error num 3.
2022-11-27 00:51:17.684 | INFO     | __main__:classification:16 - Test step in 140 patch, right num 137, error num 3.
2022-11-27 00:51:51.190 | INFO     | __main__:classification:16 - Test step in 150 patch, right num 147, error num 3.
2022-11-27 00:52:23.904 | INFO     | __main__:classification:16 - Test step in 160 patch, right num 157, error num 3.
2022-11-27 00:52:56.933 | INFO     | __main__:classification:16 - Test step in 170 patch, right num 167, error num 3.
2022-11-27 00:53:30.477 | INFO     | __main__:classification:16 - Test step in 180 patch, right num 177, error num 3.
2022-11-27 00:54:03.946 | INFO     | __main__:classification:16 - Test step in 190 patch, right num 187, error num 3.
2022-11-27 00:54:37.962 | INFO     | __main__:classification:16 - Test step in 200 patch, right num 197, error num 3.
2022-11-27 00:55:11.946 | INFO     | __main__:classification:16 - Test step in 210 patch, right num 206, error num 4.
2022-11-27 00:55:45.942 | INFO     | __main__:classification:16 - Test step in 220 patch, right num 216, error num 4.
2022-11-27 00:56:19.115 | INFO     | __main__:classification:16 - Test step in 230 patch, right num 226, error num 4.
2022-11-27 00:56:52.681 | INFO     | __main__:classification:16 - Test step in 240 patch, right num 236, error num 4.
2022-11-27 00:57:26.020 | INFO     | __main__:classification:16 - Test step in 250 patch, right num 246, error num 4.
2022-11-27 00:57:59.345 | INFO     | __main__:classification:16 - Test step in 260 patch, right num 256, error num 4.
2022-11-27 00:58:32.641 | INFO     | __main__:classification:16 - Test step in 270 patch, right num 266, error num 4.
2022-11-27 00:59:06.453 | INFO     | __main__:classification:16 - Test step in 280 patch, right num 276, error num 4.
2022-11-27 00:59:39.832 | INFO     | __main__:classification:16 - Test step in 290 patch, right num 286, error num 4.
2022-11-27 01:00:13.793 | INFO     | __main__:classification:16 - Test step in 300 patch, right num 296, error num 4.
2022-11-27 01:00:46.951 | INFO     | __main__:classification:16 - Test step in 310 patch, right num 306, error num 4.
2022-11-27 01:01:20.463 | INFO     | __main__:classification:16 - Test step in 320 patch, right num 316, error num 4.
2022-11-27 01:01:54.409 | INFO     | __main__:classification:16 - Test step in 330 patch, right num 326, error num 4.
2022-11-27 01:02:27.916 | INFO     | __main__:classification:16 - Test step in 340 patch, right num 336, error num 4.
2022-11-27 01:03:01.729 | INFO     | __main__:classification:16 - Test step in 350 patch, right num 346, error num 4.
2022-11-27 01:03:35.782 | INFO     | __main__:classification:16 - Test step in 360 patch, right num 354, error num 6.
2022-11-27 01:04:09.296 | INFO     | __main__:classification:16 - Test step in 370 patch, right num 364, error num 6.
2022-11-27 01:04:42.566 | INFO     | __main__:classification:16 - Test step in 380 patch, right num 374, error num 6.
2022-11-27 01:05:15.821 | INFO     | __main__:classification:16 - Test step in 390 patch, right num 383, error num 7.
2022-11-27 01:05:48.845 | INFO     | __main__:classification:16 - Test step in 400 patch, right num 392, error num 8.
2022-11-27 01:06:22.304 | INFO     | __main__:classification:16 - Test step in 410 patch, right num 402, error num 8.
2022-11-27 01:06:55.584 | INFO     | __main__:classification:16 - Test step in 420 patch, right num 411, error num 9.
2022-11-27 01:07:30.872 | INFO     | __main__:classification:16 - Test step in 430 patch, right num 421, error num 9.
2022-11-27 01:08:04.650 | INFO     | __main__:classification:16 - Test step in 440 patch, right num 431, error num 9.
2022-11-27 01:08:38.828 | INFO     | __main__:classification:16 - Test step in 450 patch, right num 441, error num 9.
2022-11-27 01:09:12.170 | INFO     | __main__:classification:16 - Test step in 460 patch, right num 451, error num 9.
2022-11-27 01:09:45.773 | INFO     | __main__:classification:16 - Test step in 470 patch, right num 460, error num 10.
2022-11-27 01:10:19.742 | INFO     | __main__:classification:16 - Test step in 480 patch, right num 469, error num 11.
2022-11-27 01:10:53.489 | INFO     | __main__:classification:16 - Test step in 490 patch, right num 478, error num 12.
2022-11-27 01:11:26.559 | INFO     | __main__:classification:16 - Test step in 500 patch, right num 487, error num 13.
2022-11-27 01:11:59.785 | INFO     | __main__:classification:16 - Test step in 510 patch, right num 496, error num 14.
2022-11-27 01:12:33.201 | INFO     | __main__:classification:16 - Test step in 520 patch, right num 506, error num 14.
2022-11-27 01:13:06.945 | INFO     | __main__:classification:16 - Test step in 530 patch, right num 516, error num 14.
2022-11-27 01:13:41.362 | INFO     | __main__:classification:16 - Test step in 540 patch, right num 525, error num 15.
2022-11-27 01:14:15.053 | INFO     | __main__:classification:16 - Test step in 550 patch, right num 535, error num 15.
2022-11-27 01:14:48.642 | INFO     | __main__:classification:16 - Test step in 560 patch, right num 545, error num 15.
2022-11-27 01:15:22.008 | INFO     | __main__:classification:16 - Test step in 570 patch, right num 555, error num 15.
2022-11-27 01:15:55.405 | INFO     | __main__:classification:16 - Test step in 580 patch, right num 565, error num 15.
2022-11-27 01:16:28.805 | INFO     | __main__:classification:16 - Test step in 590 patch, right num 573, error num 17.
2022-11-27 01:17:02.756 | INFO     | __main__:classification:16 - Test step in 600 patch, right num 583, error num 17.
2022-11-27 01:17:36.586 | INFO     | __main__:classification:16 - Test step in 610 patch, right num 593, error num 17.
2022-11-27 01:18:10.215 | INFO     | __main__:classification:16 - Test step in 620 patch, right num 603, error num 17.
2022-11-27 01:18:43.620 | INFO     | __main__:classification:16 - Test step in 630 patch, right num 613, error num 17.
2022-11-27 01:19:17.786 | INFO     | __main__:classification:16 - Test step in 640 patch, right num 623, error num 17.
2022-11-27 01:19:51.185 | INFO     | __main__:classification:16 - Test step in 650 patch, right num 633, error num 17.
2022-11-27 01:20:24.398 | INFO     | __main__:classification:16 - Test step in 660 patch, right num 643, error num 17.
2022-11-27 01:20:58.601 | INFO     | __main__:classification:16 - Test step in 670 patch, right num 653, error num 17.
2022-11-27 01:21:31.800 | INFO     | __main__:classification:16 - Test step in 680 patch, right num 662, error num 18.
2022-11-27 01:22:05.304 | INFO     | __main__:classification:16 - Test step in 690 patch, right num 671, error num 19.
2022-11-27 01:22:38.708 | INFO     | __main__:classification:16 - Test step in 700 patch, right num 681, error num 19.
2022-11-27 01:23:12.622 | INFO     | __main__:classification:16 - Test step in 710 patch, right num 691, error num 19.
2022-11-27 01:23:46.253 | INFO     | __main__:classification:16 - Test step in 720 patch, right num 701, error num 19.
2022-11-27 01:24:19.601 | INFO     | __main__:classification:16 - Test step in 730 patch, right num 711, error num 19.
2022-11-27 01:24:53.147 | INFO     | __main__:classification:16 - Test step in 740 patch, right num 720, error num 20.
2022-11-27 01:25:26.975 | INFO     | __main__:classification:16 - Test step in 750 patch, right num 730, error num 20.
2022-11-27 01:26:00.463 | INFO     | __main__:classification:16 - Test step in 760 patch, right num 740, error num 20.
2022-11-27 01:26:34.004 | INFO     | __main__:classification:16 - Test step in 770 patch, right num 750, error num 20.
2022-11-27 01:27:07.935 | INFO     | __main__:classification:16 - Test step in 780 patch, right num 760, error num 20.
2022-11-27 01:27:41.348 | INFO     | __main__:classification:16 - Test step in 790 patch, right num 769, error num 21.
2022-11-27 01:28:15.186 | INFO     | __main__:classification:16 - Test step in 800 patch, right num 779, error num 21.
2022-11-27 01:28:48.894 | INFO     | __main__:classification:16 - Test step in 810 patch, right num 788, error num 22.
2022-11-27 01:29:22.343 | INFO     | __main__:classification:16 - Test step in 820 patch, right num 797, error num 23.
2022-11-27 01:29:56.246 | INFO     | __main__:classification:16 - Test step in 830 patch, right num 806, error num 24.
2022-11-27 01:30:29.782 | INFO     | __main__:classification:16 - Test step in 840 patch, right num 816, error num 24.
2022-11-27 01:31:02.967 | INFO     | __main__:classification:16 - Test step in 850 patch, right num 825, error num 25.
2022-11-27 01:31:36.146 | INFO     | __main__:classification:16 - Test step in 860 patch, right num 835, error num 25.
2022-11-27 01:32:09.489 | INFO     | __main__:classification:16 - Test step in 870 patch, right num 845, error num 25.
2022-11-27 01:32:42.936 | INFO     | __main__:classification:16 - Test step in 880 patch, right num 855, error num 25.
2022-11-27 01:33:16.727 | INFO     | __main__:classification:16 - Test step in 890 patch, right num 865, error num 25.
2022-11-27 01:33:50.576 | INFO     | __main__:classification:16 - Test step in 900 patch, right num 875, error num 25.
2022-11-27 01:34:23.829 | INFO     | __main__:classification:16 - Test step in 910 patch, right num 885, error num 25.
2022-11-27 01:34:57.594 | INFO     | __main__:classification:16 - Test step in 920 patch, right num 895, error num 25.
2022-11-27 01:35:31.347 | INFO     | __main__:classification:16 - Test step in 930 patch, right num 905, error num 25.
2022-11-27 01:36:04.575 | INFO     | __main__:classification:16 - Test step in 940 patch, right num 915, error num 25.
2022-11-27 01:36:38.121 | INFO     | __main__:classification:16 - Test step in 950 patch, right num 925, error num 25.
2022-11-27 01:37:12.201 | INFO     | __main__:classification:16 - Test step in 960 patch, right num 935, error num 25.
2022-11-27 01:37:45.741 | INFO     | __main__:classification:16 - Test step in 970 patch, right num 945, error num 25.
2022-11-27 01:38:19.160 | INFO     | __main__:classification:16 - Test step in 980 patch, right num 955, error num 25.
2022-11-27 01:38:52.771 | INFO     | __main__:classification:16 - Test step in 990 patch, right num 965, error num 25.
2022-11-27 01:39:26.055 | INFO     | __main__:classification:16 - Test step in 1000 patch, right num 974, error num 26.
2022-11-27 01:39:59.453 | INFO     | __main__:classification:16 - Test step in 1010 patch, right num 983, error num 27.
2022-11-27 01:40:33.307 | INFO     | __main__:classification:16 - Test step in 1020 patch, right num 993, error num 27.
2022-11-27 01:41:07.017 | INFO     | __main__:classification:16 - Test step in 1030 patch, right num 1003, error num 27.
2022-11-27 01:41:40.810 | INFO     | __main__:classification:16 - Test step in 1040 patch, right num 1013, error num 27.
2022-11-27 01:42:14.455 | INFO     | __main__:classification:16 - Test step in 1050 patch, right num 1022, error num 28.
2022-11-27 01:42:47.766 | INFO     | __main__:classification:16 - Test step in 1060 patch, right num 1031, error num 29.
2022-11-27 01:43:21.126 | INFO     | __main__:classification:16 - Test step in 1070 patch, right num 1041, error num 29.
2022-11-27 01:43:54.667 | INFO     | __main__:classification:16 - Test step in 1080 patch, right num 1051, error num 29.
2022-11-27 01:44:28.109 | INFO     | __main__:classification:16 - Test step in 1090 patch, right num 1059, error num 31.
2022-11-27 01:45:01.902 | INFO     | __main__:classification:16 - Test step in 1100 patch, right num 1068, error num 32.
2022-11-27 01:45:35.359 | INFO     | __main__:classification:16 - Test step in 1110 patch, right num 1078, error num 32.
2022-11-27 01:46:09.187 | INFO     | __main__:classification:16 - Test step in 1120 patch, right num 1088, error num 32.
2022-11-27 01:46:22.651 | INFO     | __main__:classification:37 - Test finish, right num is 1092, error num is 32
